# JRE version: Java(TM) SE Runtime Environment (8.0_301-b09) (build 1.8.0_301-b09)
# Java VM: Java HotSpot(TM) 64-Bit Server VM (25.301-b09 mixed mode windows-amd64 compressed oops)
Heap:
 PSYoungGen      total 265728K, used 200548K [0x0000000780600000, 0x0000000793c00000, 0x00000007c0000000)
  eden space 251904K, 74% used [0x0000000780600000,0x000000078bc5aaa0,0x000000078fc00000)
  from space 13824K, 99% used [0x0000000792e80000,0x0000000793bfe578,0x0000000793c00000)
  to   space 16384K, 0% used [0x0000000791c00000,0x0000000791c00000,0x0000000792c00000)
 ParOldGen       total 106496K, used 17251K [0x0000000701200000, 0x0000000707a00000, 0x0000000780600000)
  object space 106496K, 16% used [0x0000000701200000,0x00000007022d8f68,0x0000000707a00000)
 Metaspace       used 54829K, capacity 57998K, committed 58240K, reserved 1099776K
  class space    used 7198K, capacity 7745K, committed 7808K, reserved 1048576K
GC Heap History (10 events):
Event: 3.105 GC heap before
{Heap before GC invocations=6 (full 1):
 PSYoungGen      total 106496K, used 98304K [0x0000000780600000, 0x0000000787600000, 0x00000007c0000000)
  eden space 98304K, 100% used [0x0000000780600000,0x0000000786600000,0x0000000786600000)
  from space 8192K, 0% used [0x0000000786e00000,0x0000000786e00000,0x0000000787600000)
  to   space 8192K, 0% used [0x0000000786600000,0x0000000786600000,0x0000000786e00000)
 ParOldGen       total 77824K, used 9435K [0x0000000701200000, 0x0000000705e00000, 0x0000000780600000)
  object space 77824K, 12% used [0x0000000701200000,0x0000000701b36ea8,0x0000000705e00000)
 Metaspace       used 25918K, capacity 27650K, committed 27776K, reserved 1073152K
  class space    used 3514K, capacity 3861K, committed 3968K, reserved 1048576K
Event: 3.112 GC heap after
Heap after GC invocations=6 (full 1):
 PSYoungGen      total 106496K, used 8187K [0x0000000780600000, 0x000000078bb80000, 0x00000007c0000000)
  eden space 98304K, 0% used [0x0000000780600000,0x0000000780600000,0x0000000786600000)
  from space 8192K, 99% used [0x0000000786600000,0x0000000786dfef90,0x0000000786e00000)
  to   space 12288K, 0% used [0x000000078af80000,0x000000078af80000,0x000000078bb80000)
 ParOldGen       total 77824K, used 11050K [0x0000000701200000, 0x0000000705e00000, 0x0000000780600000)
  object space 77824K, 14% used [0x0000000701200000,0x0000000701cca9f8,0x0000000705e00000)
 Metaspace       used 25918K, capacity 27650K, committed 27776K, reserved 1073152K
  class space    used 3514K, capacity 3861K, committed 3968K, reserved 1048576K
}
Event: 3.718 GC heap before
{Heap before GC invocations=7 (full 1):
 PSYoungGen      total 106496K, used 106491K [0x0000000780600000, 0x000000078bb80000, 0x00000007c0000000)
  eden space 98304K, 100% used [0x0000000780600000,0x0000000786600000,0x0000000786600000)
  from space 8192K, 99% used [0x0000000786600000,0x0000000786dfef90,0x0000000786e00000)
  to   space 12288K, 0% used [0x000000078af80000,0x000000078af80000,0x000000078bb80000)
 ParOldGen       total 77824K, used 11050K [0x0000000701200000, 0x0000000705e00000, 0x0000000780600000)
  object space 77824K, 14% used [0x0000000701200000,0x0000000701cca9f8,0x0000000705e00000)
 Metaspace       used 33074K, capacity 35340K, committed 35456K, reserved 1079296K
  class space    used 4523K, capacity 4944K, committed 4992K, reserved 1048576K
Event: 3.729 GC heap after
Heap after GC invocations=7 (full 1):
 PSYoungGen      total 171520K, used 12273K [0x0000000780600000, 0x000000078bf00000, 0x00000007c0000000)
  eden space 159232K, 0% used [0x0000000780600000,0x0000000780600000,0x000000078a180000)
  from space 12288K, 99% used [0x000000078af80000,0x000000078bb7c6e0,0x000000078bb80000)
  to   space 14336K, 0% used [0x000000078a180000,0x000000078a180000,0x000000078af80000)
 ParOldGen       total 77824K, used 12248K [0x0000000701200000, 0x0000000705e00000, 0x0000000780600000)
  object space 77824K, 15% used [0x0000000701200000,0x0000000701df61b0,0x0000000705e00000)
 Metaspace       used 33074K, capacity 35340K, committed 35456K, reserved 1079296K
  class space    used 4523K, capacity 4944K, committed 4992K, reserved 1048576K
}
Event: 3.760 GC heap before
{Heap before GC invocations=8 (full 1):
 PSYoungGen      total 171520K, used 21119K [0x0000000780600000, 0x000000078bf00000, 0x00000007c0000000)
  eden space 159232K, 5% used [0x0000000780600000,0x0000000780ea3700,0x000000078a180000)
  from space 12288K, 99% used [0x000000078af80000,0x000000078bb7c6e0,0x000000078bb80000)
  to   space 14336K, 0% used [0x000000078a180000,0x000000078a180000,0x000000078af80000)
 ParOldGen       total 77824K, used 12248K [0x0000000701200000, 0x0000000705e00000, 0x0000000780600000)
  object space 77824K, 15% used [0x0000000701200000,0x0000000701df61b0,0x0000000705e00000)
 Metaspace       used 33202K, capacity 35410K, committed 35496K, reserved 1079296K
  class space    used 4538K, capacity 4945K, committed 4992K, reserved 1048576K
Event: 3.766 GC heap after
Heap after GC invocations=8 (full 1):
 PSYoungGen      total 173568K, used 8253K [0x0000000780600000, 0x0000000793c00000, 0x00000007c0000000)
  eden space 159232K, 0% used [0x0000000780600000,0x0000000780600000,0x000000078a180000)
  from space 14336K, 57% used [0x000000078a180000,0x000000078a98f7b8,0x000000078af80000)
  to   space 13824K, 0% used [0x0000000792e80000,0x0000000792e80000,0x0000000793c00000)
 ParOldGen       total 77824K, used 12248K [0x0000000701200000, 0x0000000705e00000, 0x0000000780600000)
  object space 77824K, 15% used [0x0000000701200000,0x0000000701df61b0,0x0000000705e00000)
 Metaspace       used 33202K, capacity 35410K, committed 35496K, reserved 1079296K
  class space    used 4538K, capacity 4945K, committed 4992K, reserved 1048576K
}
Event: 3.766 GC heap before
{Heap before GC invocations=9 (full 2):
 PSYoungGen      total 173568K, used 8253K [0x0000000780600000, 0x0000000793c00000, 0x00000007c0000000)
  eden space 159232K, 0% used [0x0000000780600000,0x0000000780600000,0x000000078a180000)
  from space 14336K, 57% used [0x000000078a180000,0x000000078a98f7b8,0x000000078af80000)
  to   space 13824K, 0% used [0x0000000792e80000,0x0000000792e80000,0x0000000793c00000)
 ParOldGen       total 77824K, used 12248K [0x0000000701200000, 0x0000000705e00000, 0x0000000780600000)
  object space 77824K, 15% used [0x0000000701200000,0x0000000701df61b0,0x0000000705e00000)
 Metaspace       used 33202K, capacity 35410K, committed 35496K, reserved 1079296K
  class space    used 4538K, capacity 4945K, committed 4992K, reserved 1048576K
Event: 3.824 GC heap after
Heap after GC invocations=9 (full 2):
 PSYoungGen      total 173568K, used 0K [0x0000000780600000, 0x0000000793c00000, 0x00000007c0000000)
  eden space 159232K, 0% used [0x0000000780600000,0x0000000780600000,0x000000078a180000)
  from space 14336K, 0% used [0x000000078a180000,0x000000078a180000,0x000000078af80000)
  to   space 13824K, 0% used [0x0000000792e80000,0x0000000792e80000,0x0000000793c00000)
 ParOldGen       total 106496K, used 14711K [0x0000000701200000, 0x0000000707a00000, 0x0000000780600000)
  object space 106496K, 13% used [0x0000000701200000,0x000000070205dd20,0x0000000707a00000)
 Metaspace       used 33201K, capacity 35408K, committed 35496K, reserved 1079296K
  class space    used 4538K, capacity 4944K, committed 4992K, reserved 1048576K
}
Event: 17.939 GC heap before
{Heap before GC invocations=10 (full 2):
 PSYoungGen      total 173568K, used 159232K [0x0000000780600000, 0x0000000793c00000, 0x00000007c0000000)
  eden space 159232K, 100% used [0x0000000780600000,0x000000078a180000,0x000000078a180000)
  from space 14336K, 0% used [0x000000078a180000,0x000000078a180000,0x000000078af80000)
  to   space 13824K, 0% used [0x0000000792e80000,0x0000000792e80000,0x0000000793c00000)
 ParOldGen       total 106496K, used 14711K [0x0000000701200000, 0x0000000707a00000, 0x0000000780600000)
  object space 106496K, 13% used [0x0000000701200000,0x000000070205dd20,0x0000000707a00000)
 Metaspace       used 45617K, capacity 48596K, committed 48768K, reserved 1091584K
  class space    used 6166K, capacity 6664K, committed 6784K, reserved 1048576K
Event: 17.952 GC heap after
Heap after GC invocations=10 (full 2):
 PSYoungGen      total 265728K, used 13817K [0x0000000780600000, 0x0000000793c00000, 0x00000007c0000000)
  eden space 251904K, 0% used [0x0000000780600000,0x0000000780600000,0x000000078fc00000)
  from space 13824K, 99% used [0x0000000792e80000,0x0000000793bfe578,0x0000000793c00000)
  to   space 16384K, 0% used [0x0000000791c00000,0x0000000791c00000,0x0000000792c00000)
 ParOldGen       total 106496K, used 17251K [0x0000000701200000, 0x0000000707a00000, 0x0000000780600000)
  object space 106496K, 16% used [0x0000000701200000,0x00000007022d8f68,0x0000000707a00000)
 Metaspace       used 45617K, capacity 48596K, committed 48768K, reserved 1091584K
  class space    used 6166K, capacity 6664K, committed 6784K, reserved 1048576K
}

