# JRE version: Java(TM) SE Runtime Environment (8.0_301-b09) (build 1.8.0_301-b09)
# Java VM: Java HotSpot(TM) 64-Bit Server VM (25.301-b09 mixed mode windows-amd64 compressed oops)
Heap:
 PSYoungGen      total 101376K, used 777K [0x0000000780600000, 0x0000000787b80000, 0x00000007c0000000)
  eden space 85504K, 0% used [0x0000000780600000,0x000000078065a520,0x0000000785980000)
  from space 15872K, 2% used [0x0000000786c00000,0x0000000786c68000,0x0000000787b80000)
  to   space 17408K, 0% used [0x0000000785980000,0x0000000785980000,0x0000000786a80000)
 ParOldGen       total 142336K, used 29608K [0x0000000701200000, 0x0000000709d00000, 0x0000000780600000)
  object space 142336K, 20% used [0x0000000701200000,0x0000000702eea3d8,0x0000000709d00000)
 Metaspace       used 54817K, capacity 58020K, committed 58240K, reserved 1099776K
  class space    used 7202K, capacity 7748K, committed 7808K, reserved 1048576K
GC Heap History (10 events):
Event: 11862.854 GC heap before
{Heap before GC invocations=26 (full 2):
 PSYoungGen      total 101376K, used 101018K [0x0000000780600000, 0x0000000788100000, 0x00000007c0000000)
  eden space 93184K, 100% used [0x0000000780600000,0x0000000786100000,0x0000000786100000)
  from space 8192K, 95% used [0x0000000786300000,0x0000000786aa6ae0,0x0000000786b00000)
  to   space 16384K, 0% used [0x0000000787100000,0x0000000787100000,0x0000000788100000)
 ParOldGen       total 142336K, used 21663K [0x0000000701200000, 0x0000000709d00000, 0x0000000780600000)
  object space 142336K, 15% used [0x0000000701200000,0x0000000702727d18,0x0000000709d00000)
 Metaspace       used 54802K, capacity 58008K, committed 58240K, reserved 1099776K
  class space    used 7201K, capacity 7746K, committed 7808K, reserved 1048576K
Event: 11862.872 GC heap after
Heap after GC invocations=26 (full 2):
 PSYoungGen      total 106496K, used 5578K [0x0000000780600000, 0x0000000787f80000, 0x00000007c0000000)
  eden space 91648K, 0% used [0x0000000780600000,0x0000000780600000,0x0000000785f80000)
  from space 14848K, 37% used [0x0000000787100000,0x0000000787672ab0,0x0000000787f80000)
  to   space 16384K, 0% used [0x0000000785f80000,0x0000000785f80000,0x0000000786f80000)
 ParOldGen       total 142336K, used 24031K [0x0000000701200000, 0x0000000709d00000, 0x0000000780600000)
  object space 142336K, 16% used [0x0000000701200000,0x0000000702977e48,0x0000000709d00000)
 Metaspace       used 54802K, capacity 58008K, committed 58240K, reserved 1099776K
  class space    used 7201K, capacity 7746K, committed 7808K, reserved 1048576K
}
Event: 12625.934 GC heap before
{Heap before GC invocations=27 (full 2):
 PSYoungGen      total 106496K, used 97226K [0x0000000780600000, 0x0000000787f80000, 0x00000007c0000000)
  eden space 91648K, 100% used [0x0000000780600000,0x0000000785f80000,0x0000000785f80000)
  from space 14848K, 37% used [0x0000000787100000,0x0000000787672ab0,0x0000000787f80000)
  to   space 16384K, 0% used [0x0000000785f80000,0x0000000785f80000,0x0000000786f80000)
 ParOldGen       total 142336K, used 24031K [0x0000000701200000, 0x0000000709d00000, 0x0000000780600000)
  object space 142336K, 16% used [0x0000000701200000,0x0000000702977e48,0x0000000709d00000)
 Metaspace       used 54802K, capacity 58008K, committed 58240K, reserved 1099776K
  class space    used 7201K, capacity 7746K, committed 7808K, reserved 1048576K
Event: 12625.957 GC heap after
Heap after GC invocations=27 (full 2):
 PSYoungGen      total 92160K, used 1660K [0x0000000780600000, 0x0000000787f00000, 0x00000007c0000000)
  eden space 90112K, 0% used [0x0000000780600000,0x0000000780600000,0x0000000785e00000)
  from space 2048K, 81% used [0x0000000785f80000,0x000000078611f350,0x0000000786180000)
  to   space 16896K, 0% used [0x0000000786e80000,0x0000000786e80000,0x0000000787f00000)
 ParOldGen       total 142336K, used 28052K [0x0000000701200000, 0x0000000709d00000, 0x0000000780600000)
  object space 142336K, 19% used [0x0000000701200000,0x0000000702d65018,0x0000000709d00000)
 Metaspace       used 54802K, capacity 58008K, committed 58240K, reserved 1099776K
  class space    used 7201K, capacity 7746K, committed 7808K, reserved 1048576K
}
Event: 13372.863 GC heap before
{Heap before GC invocations=28 (full 2):
 PSYoungGen      total 92160K, used 91772K [0x0000000780600000, 0x0000000787f00000, 0x00000007c0000000)
  eden space 90112K, 100% used [0x0000000780600000,0x0000000785e00000,0x0000000785e00000)
  from space 2048K, 81% used [0x0000000785f80000,0x000000078611f350,0x0000000786180000)
  to   space 16896K, 0% used [0x0000000786e80000,0x0000000786e80000,0x0000000787f00000)
 ParOldGen       total 142336K, used 28052K [0x0000000701200000, 0x0000000709d00000, 0x0000000780600000)
  object space 142336K, 19% used [0x0000000701200000,0x0000000702d65018,0x0000000709d00000)
 Metaspace       used 54802K, capacity 58008K, committed 58240K, reserved 1099776K
  class space    used 7201K, capacity 7746K, committed 7808K, reserved 1048576K
Event: 13372.867 GC heap after
Heap after GC invocations=28 (full 2):
 PSYoungGen      total 104960K, used 256K [0x0000000780600000, 0x0000000787e80000, 0x00000007c0000000)
  eden space 88576K, 0% used [0x0000000780600000,0x0000000780600000,0x0000000785c80000)
  from space 16384K, 1% used [0x0000000786e80000,0x0000000786ec0000,0x0000000787e80000)
  to   space 17408K, 0% used [0x0000000785c80000,0x0000000785c80000,0x0000000786d80000)
 ParOldGen       total 142336K, used 29552K [0x0000000701200000, 0x0000000709d00000, 0x0000000780600000)
  object space 142336K, 20% used [0x0000000701200000,0x0000000702edc3d8,0x0000000709d00000)
 Metaspace       used 54802K, capacity 58008K, committed 58240K, reserved 1099776K
  class space    used 7201K, capacity 7746K, committed 7808K, reserved 1048576K
}
Event: 14106.641 GC heap before
{Heap before GC invocations=29 (full 2):
 PSYoungGen      total 104960K, used 88832K [0x0000000780600000, 0x0000000787e80000, 0x00000007c0000000)
  eden space 88576K, 100% used [0x0000000780600000,0x0000000785c80000,0x0000000785c80000)
  from space 16384K, 1% used [0x0000000786e80000,0x0000000786ec0000,0x0000000787e80000)
  to   space 17408K, 0% used [0x0000000785c80000,0x0000000785c80000,0x0000000786d80000)
 ParOldGen       total 142336K, used 29552K [0x0000000701200000, 0x0000000709d00000, 0x0000000780600000)
  object space 142336K, 20% used [0x0000000701200000,0x0000000702edc3d8,0x0000000709d00000)
 Metaspace       used 54802K, capacity 58008K, committed 58240K, reserved 1099776K
  class space    used 7201K, capacity 7746K, committed 7808K, reserved 1048576K
Event: 14106.649 GC heap after
Heap after GC invocations=29 (full 2):
 PSYoungGen      total 87552K, used 192K [0x0000000780600000, 0x0000000787d00000, 0x00000007c0000000)
  eden space 87040K, 0% used [0x0000000780600000,0x0000000780600000,0x0000000785b00000)
  from space 512K, 37% used [0x0000000785c80000,0x0000000785cb0000,0x0000000785d00000)
  to   space 17408K, 0% used [0x0000000786c00000,0x0000000786c00000,0x0000000787d00000)
 ParOldGen       total 142336K, used 29592K [0x0000000701200000, 0x0000000709d00000, 0x0000000780600000)
  object space 142336K, 20% used [0x0000000701200000,0x0000000702ee63d8,0x0000000709d00000)
 Metaspace       used 54802K, capacity 58008K, committed 58240K, reserved 1099776K
  class space    used 7201K, capacity 7746K, committed 7808K, reserved 1048576K
}
Event: 14756.867 GC heap before
{Heap before GC invocations=30 (full 2):
 PSYoungGen      total 87552K, used 87232K [0x0000000780600000, 0x0000000787d00000, 0x00000007c0000000)
  eden space 87040K, 100% used [0x0000000780600000,0x0000000785b00000,0x0000000785b00000)
  from space 512K, 37% used [0x0000000785c80000,0x0000000785cb0000,0x0000000785d00000)
  to   space 17408K, 0% used [0x0000000786c00000,0x0000000786c00000,0x0000000787d00000)
 ParOldGen       total 142336K, used 29592K [0x0000000701200000, 0x0000000709d00000, 0x0000000780600000)
  object space 142336K, 20% used [0x0000000701200000,0x0000000702ee63d8,0x0000000709d00000)
 Metaspace       used 54817K, capacity 58020K, committed 58240K, reserved 1099776K
  class space    used 7202K, capacity 7748K, committed 7808K, reserved 1048576K
Event: 14756.882 GC heap after
Heap after GC invocations=30 (full 2):
 PSYoungGen      total 101376K, used 416K [0x0000000780600000, 0x0000000787b80000, 0x00000007c0000000)
  eden space 85504K, 0% used [0x0000000780600000,0x0000000780600000,0x0000000785980000)
  from space 15872K, 2% used [0x0000000786c00000,0x0000000786c68000,0x0000000787b80000)
  to   space 17408K, 0% used [0x0000000785980000,0x0000000785980000,0x0000000786a80000)
 ParOldGen       total 142336K, used 29608K [0x0000000701200000, 0x0000000709d00000, 0x0000000780600000)
  object space 142336K, 20% used [0x0000000701200000,0x0000000702eea3d8,0x0000000709d00000)
 Metaspace       used 54817K, capacity 58020K, committed 58240K, reserved 1099776K
  class space    used 7202K, capacity 7748K, committed 7808K, reserved 1048576K
}

