# JRE version: Java(TM) SE Runtime Environment (8.0_301-b09) (build 1.8.0_301-b09)
# Java VM: Java HotSpot(TM) 64-Bit Server VM (25.301-b09 mixed mode windows-amd64 compressed oops)
Heap:
 PSYoungGen      total 274944K, used 202168K [0x0000000780600000, 0x0000000794080000, 0x00000007c0000000)
  eden space 261120K, 72% used [0x0000000780600000,0x000000078bdeea58,0x0000000790500000)
  from space 13824K, 99% used [0x0000000793300000,0x000000079407f790,0x0000000794080000)
  to   space 15872K, 0% used [0x0000000792180000,0x0000000792180000,0x0000000793100000)
 ParOldGen       total 103424K, used 16469K [0x0000000701200000, 0x0000000707700000, 0x0000000780600000)
  object space 103424K, 15% used [0x0000000701200000,0x00000007022157d0,0x0000000707700000)
 Metaspace       used 54793K, capacity 57998K, committed 58240K, reserved 1099776K
  class space    used 7201K, capacity 7745K, committed 7808K, reserved 1048576K
GC Heap History (10 events):
Event: 3.659 GC heap before
{Heap before GC invocations=6 (full 1):
 PSYoungGen      total 106496K, used 98304K [0x0000000780600000, 0x0000000787600000, 0x00000007c0000000)
  eden space 98304K, 100% used [0x0000000780600000,0x0000000786600000,0x0000000786600000)
  from space 8192K, 0% used [0x0000000786e00000,0x0000000786e00000,0x0000000787600000)
  to   space 8192K, 0% used [0x0000000786600000,0x0000000786600000,0x0000000786e00000)
 ParOldGen       total 78336K, used 9421K [0x0000000701200000, 0x0000000705e80000, 0x0000000780600000)
  object space 78336K, 12% used [0x0000000701200000,0x0000000701b336d8,0x0000000705e80000)
 Metaspace       used 25912K, capacity 27646K, committed 27776K, reserved 1073152K
  class space    used 3514K, capacity 3861K, committed 3968K, reserved 1048576K
Event: 3.668 GC heap after
Heap after GC invocations=6 (full 1):
 PSYoungGen      total 106496K, used 8171K [0x0000000780600000, 0x000000078bb00000, 0x00000007c0000000)
  eden space 98304K, 0% used [0x0000000780600000,0x0000000780600000,0x0000000786600000)
  from space 8192K, 99% used [0x0000000786600000,0x0000000786dfadd0,0x0000000786e00000)
  to   space 12288K, 0% used [0x000000078af00000,0x000000078af00000,0x000000078bb00000)
 ParOldGen       total 78336K, used 11113K [0x0000000701200000, 0x0000000705e80000, 0x0000000780600000)
  object space 78336K, 14% used [0x0000000701200000,0x0000000701cda618,0x0000000705e80000)
 Metaspace       used 25912K, capacity 27646K, committed 27776K, reserved 1073152K
  class space    used 3514K, capacity 3861K, committed 3968K, reserved 1048576K
}
Event: 4.449 GC heap before
{Heap before GC invocations=7 (full 1):
 PSYoungGen      total 106496K, used 106475K [0x0000000780600000, 0x000000078bb00000, 0x00000007c0000000)
  eden space 98304K, 100% used [0x0000000780600000,0x0000000786600000,0x0000000786600000)
  from space 8192K, 99% used [0x0000000786600000,0x0000000786dfadd0,0x0000000786e00000)
  to   space 12288K, 0% used [0x000000078af00000,0x000000078af00000,0x000000078bb00000)
 ParOldGen       total 78336K, used 11113K [0x0000000701200000, 0x0000000705e80000, 0x0000000780600000)
  object space 78336K, 14% used [0x0000000701200000,0x0000000701cda618,0x0000000705e80000)
 Metaspace       used 33018K, capacity 35284K, committed 35456K, reserved 1079296K
  class space    used 4516K, capacity 4947K, committed 4992K, reserved 1048576K
Event: 4.460 GC heap after
Heap after GC invocations=7 (full 1):
 PSYoungGen      total 171520K, used 12262K [0x0000000780600000, 0x000000078bd00000, 0x00000007c0000000)
  eden space 159232K, 0% used [0x0000000780600000,0x0000000780600000,0x000000078a180000)
  from space 12288K, 99% used [0x000000078af00000,0x000000078baf99b8,0x000000078bb00000)
  to   space 13824K, 0% used [0x000000078a180000,0x000000078a180000,0x000000078af00000)
 ParOldGen       total 78336K, used 12088K [0x0000000701200000, 0x0000000705e80000, 0x0000000780600000)
  object space 78336K, 15% used [0x0000000701200000,0x0000000701dce068,0x0000000705e80000)
 Metaspace       used 33018K, capacity 35284K, committed 35456K, reserved 1079296K
  class space    used 4516K, capacity 4947K, committed 4992K, reserved 1048576K
}
Event: 4.487 GC heap before
{Heap before GC invocations=8 (full 1):
 PSYoungGen      total 171520K, used 18351K [0x0000000780600000, 0x000000078bd00000, 0x00000007c0000000)
  eden space 159232K, 3% used [0x0000000780600000,0x0000000780bf2628,0x000000078a180000)
  from space 12288K, 99% used [0x000000078af00000,0x000000078baf99b8,0x000000078bb00000)
  to   space 13824K, 0% used [0x000000078a180000,0x000000078a180000,0x000000078af00000)
 ParOldGen       total 78336K, used 12088K [0x0000000701200000, 0x0000000705e80000, 0x0000000780600000)
  object space 78336K, 15% used [0x0000000701200000,0x0000000701dce068,0x0000000705e80000)
 Metaspace       used 33142K, capacity 35354K, committed 35456K, reserved 1079296K
  class space    used 4532K, capacity 4948K, committed 4992K, reserved 1048576K
Event: 4.493 GC heap after
Heap after GC invocations=8 (full 1):
 PSYoungGen      total 173056K, used 8073K [0x0000000780600000, 0x0000000794080000, 0x00000007c0000000)
  eden space 159232K, 0% used [0x0000000780600000,0x0000000780600000,0x000000078a180000)
  from space 13824K, 58% used [0x000000078a180000,0x000000078a9627a8,0x000000078af00000)
  to   space 13824K, 0% used [0x0000000793300000,0x0000000793300000,0x0000000794080000)
 ParOldGen       total 78336K, used 12096K [0x0000000701200000, 0x0000000705e80000, 0x0000000780600000)
  object space 78336K, 15% used [0x0000000701200000,0x0000000701dd0068,0x0000000705e80000)
 Metaspace       used 33142K, capacity 35354K, committed 35456K, reserved 1079296K
  class space    used 4532K, capacity 4948K, committed 4992K, reserved 1048576K
}
Event: 4.493 GC heap before
{Heap before GC invocations=9 (full 2):
 PSYoungGen      total 173056K, used 8073K [0x0000000780600000, 0x0000000794080000, 0x00000007c0000000)
  eden space 159232K, 0% used [0x0000000780600000,0x0000000780600000,0x000000078a180000)
  from space 13824K, 58% used [0x000000078a180000,0x000000078a9627a8,0x000000078af00000)
  to   space 13824K, 0% used [0x0000000793300000,0x0000000793300000,0x0000000794080000)
 ParOldGen       total 78336K, used 12096K [0x0000000701200000, 0x0000000705e80000, 0x0000000780600000)
  object space 78336K, 15% used [0x0000000701200000,0x0000000701dd0068,0x0000000705e80000)
 Metaspace       used 33142K, capacity 35354K, committed 35456K, reserved 1079296K
  class space    used 4532K, capacity 4948K, committed 4992K, reserved 1048576K
Event: 4.558 GC heap after
Heap after GC invocations=9 (full 2):
 PSYoungGen      total 173056K, used 0K [0x0000000780600000, 0x0000000794080000, 0x00000007c0000000)
  eden space 159232K, 0% used [0x0000000780600000,0x0000000780600000,0x000000078a180000)
  from space 13824K, 0% used [0x000000078a180000,0x000000078a180000,0x000000078af00000)
  to   space 13824K, 0% used [0x0000000793300000,0x0000000793300000,0x0000000794080000)
 ParOldGen       total 103424K, used 14497K [0x0000000701200000, 0x0000000707700000, 0x0000000780600000)
  object space 103424K, 14% used [0x0000000701200000,0x00000007020286a0,0x0000000707700000)
 Metaspace       used 33141K, capacity 35352K, committed 35456K, reserved 1079296K
  class space    used 4531K, capacity 4947K, committed 4992K, reserved 1048576K
}
Event: 63.067 GC heap before
{Heap before GC invocations=10 (full 2):
 PSYoungGen      total 173056K, used 159232K [0x0000000780600000, 0x0000000794080000, 0x00000007c0000000)
  eden space 159232K, 100% used [0x0000000780600000,0x000000078a180000,0x000000078a180000)
  from space 13824K, 0% used [0x000000078a180000,0x000000078a180000,0x000000078af00000)
  to   space 13824K, 0% used [0x0000000793300000,0x0000000793300000,0x0000000794080000)
 ParOldGen       total 103424K, used 14497K [0x0000000701200000, 0x0000000707700000, 0x0000000780600000)
  object space 103424K, 14% used [0x0000000701200000,0x00000007020286a0,0x0000000707700000)
 Metaspace       used 45286K, capacity 48244K, committed 48384K, reserved 1091584K
  class space    used 6136K, capacity 6632K, committed 6656K, reserved 1048576K
Event: 63.080 GC heap after
Heap after GC invocations=10 (full 2):
 PSYoungGen      total 274944K, used 13821K [0x0000000780600000, 0x0000000794080000, 0x00000007c0000000)
  eden space 261120K, 0% used [0x0000000780600000,0x0000000780600000,0x0000000790500000)
  from space 13824K, 99% used [0x0000000793300000,0x000000079407f790,0x0000000794080000)
  to   space 15872K, 0% used [0x0000000792180000,0x0000000792180000,0x0000000793100000)
 ParOldGen       total 103424K, used 16469K [0x0000000701200000, 0x0000000707700000, 0x0000000780600000)
  object space 103424K, 15% used [0x0000000701200000,0x00000007022157d0,0x0000000707700000)
 Metaspace       used 45286K, capacity 48244K, committed 48384K, reserved 1091584K
  class space    used 6136K, capacity 6632K, committed 6656K, reserved 1048576K
}

